	Account Domain:		DESKTOP-51D9LC0
	Logon ID:		0x41D70

Process Information:
	New Process ID:		0x15f8
	New Process Name:	C:\Windows\System32\svchost.exe
	Token Elevation Type:	%%1938
	Mandatory Label:		S-1-16-8192
	Creator Process ID:	0x254
	Creator Process Name:	C:\Windows\System32\services.exe
	Process Command Line:	

Token Elevation Type indicates the type of token that was assigned to the new process in accordance with User Account Control policy.

Type 1 is a full token with no privileges removed or groups disabled.  A full token is only used if User Account Control is disabled or if the user is the built-in Administrator account or a service account.

Type 2 is an elevated token with no privileges removed or groups disabled.  An elevated token is used when User Account Control is enabled and the user chooses to start the program using Run as administrator.  An elevated token is also used when an application is configured to always require administrative privilege or to always require maximum privilege, and the user is a member of the Administrators group.

Type 3 is a limited token with administrative privileges removed and administrative groups disabled.  The limited token is used when User Account Control is enabled, the application does not require administrative privilege, and the user does not choose to start the program using Run as administrator."
"7/26/2026 12:33:37 PM","4688","A new process has been created.

Creator Subject:
	Security ID:		S-1-5-18
	Account Name:		DESKTOP-51D9LC0$
	Account Domain:		WORKGROUP
	Logon ID:		0x3E7

Target Subject:
	Security ID:		S-1-5-21-3781094446-1990265765-1947709855-1001
	Account Name:		Rev3vs8
	Account Domain:		DESKTOP-51D9LC0
	Logon ID:		0x41D70

Process Information:
	New Process ID:		0x15d8
	New Process Name:	C:\Windows\System32\RuntimeBroker.exe
	Token Elevation Type:	%%1938
	Mandatory Label:		S-1-16-8192
	Creator Process ID:	0x2e0
	Creator Process Name:	C:\Windows\System32\svchost.exe
	Process Command Line:	

Token Elevation Type indicates the type of token that was assigned to the new process in accordance with User Account Control policy.

Type 1 is a full token with no privileges removed or groups disabled.  A full token is only used if User Account Control is disabled or if the user is the built-in Administrator account or a service account.

Type 2 is an elevated token with no privileges removed or groups disabled.  An elevated token is used when User Account Control is enabled and the user chooses to start the program using Run as administrator.  An elevated token is also used when an application is configured to always require administrative privilege or to always require maximum privilege, and the user is a member of the Administrators group.

Type 3 is a limited token with administrative privileges removed and administrative groups disabled.  The limited token is used when User Account Control is enabled, the application does not require administrative privilege, and the user does not choose to start the program using Run as administrator."
"7/26/2026 12:33:37 PM","4688","A new process has been created.

Creator Subject:
	Security ID:		S-1-5-18
	Account Name:		DESKTOP-51D9LC0$
	Account Domain:		WORKGROUP
	Logon ID:		0x3E7

Target Subject:
	Security ID:		S-1-5-21-3781094446-1990265765-1947709855-1001
	Account Name:		Rev3vs8
	Account Domain:		DESKTOP-51D9LC0
	Logon ID:		0x41D70

Process Information:
	New Process ID:		0x1590
	New Process Name:	C:\Program Files\WindowsApps\Microsoft.MicrosoftOfficeHub_19.2607.47051.0_x64__8wekyb3d8bbwe\M365Copilot.exe
	Token Elevation Type:	%%1938
	Mandatory Label:		S-1-16-8192
	Creator Process ID:	0x1538
	Creator Process Name:	C:\Program Files\WindowsApps\Microsoft.MicrosoftOfficeHub_19.2607.47051.0_x64__8wekyb3d8bbwe\m365copilot_autostarter.exe
	Process Command Line:	

Token Elevation Type indicates the type of token that was assigned to the new process in accordance with User Account Control policy.

Type 1 is a full token with no privileges removed or groups disabled.  A full token is only used if User Account Control is disabled or if the user is the built-in Administrator account or a service account.

Type 2 is an elevated token with no privileges removed or groups disabled.  An elevated token is used when User Account Control is enabled and the user chooses to start the program using Run as administrator.  An elevated token is also used when an application is configured to always require administrative privilege or to always require maximum privilege, and the user is a member of the Administrators group.

Type 3 is a limited token with administrative privileges removed and administrative groups disabled.  The limited token is used when User Account Control is enabled, the application does not require administrative privilege, and the user does not choose to start the program using Run as administrator."
"7/26/2026 12:33:36 PM","4688","A new process has been created.

Creator Subject:
	Security ID:		S-1-5-18
	Account Name:		DESKTOP-51D9LC0$
	Account Domain:		WORKGROUP
	Logon ID:		0x3E7

Target Subject:
	Security ID:		S-1-5-21-3781094446-1990265765-1947709855-1001
	Account Name:		Rev3vs8
	Account Domain:		DESKTOP-51D9LC0
	Logon ID:		0x41D70

Process Information:
	New Process ID:		0x1538
	New Process Name:	C:\Program Files\WindowsApps\Microsoft.MicrosoftOfficeHub_19.2607.47051.0_x64__8wekyb3d8bbwe\m365copilot_autostarter.exe
	Token Elevation Type:	%%1938
	Mandatory Label:		S-1-16-8192
	Creator Process ID:	0xca0
	Creator Process Name:	C:\Windows\explorer.exe
	Process Command Line:	

Token Elevation Type indicates the type of token that was assigned to the new process in accordance with User Account Control policy.

Type 1 is a full token with no privileges removed or groups disabled.  A full token is only used if User Account Control is disabled or if the user is the built-in Administrator account or a service account.

Type 2 is an elevated token with no privileges removed or groups disabled.  An elevated token is used when User Account Control is enabled and the user chooses to start the program using Run as administrator.  An elevated token is also used when an application is configured to always require administrative privilege or to always require maximum privilege, and the user is a member of the Administrators group.

Type 3 is a limited token with administrative privileges removed and administrative groups disabled.  The limited token is used when User Account Control is enabled, the application does not require administrative privilege, and the user does not choose to start the program using Run as administrator."
"7/26/2026 12:33:34 PM","4688","A new process has been created.

Creator Subject:
	Security ID:		S-1-5-18
	Account Name:		DESKTOP-51D9LC0$
	Account Domain:		WORKGROUP
	Logon ID:		0x3E7

Target Subject:
	Security ID:		S-1-5-21-3781094446-1990265765-1947709855-1001
	Account Name:		Rev3vs8
	Account Domain:		DESKTOP-51D9LC0
	Logon ID:		0x41D70

Process Information:
	New Process ID:		0x14f4
	New Process Name:	C:\Windows\System32\backgroundTaskHost.exe
	Token Elevation Type:	%%1938
	Mandatory Label:		S-1-16-4096
	Creator Process ID:	0x2e0
	Creator Process Name:	C:\Windows\System32\svchost.exe
	Process Command Line:	

Token Elevation Type indicates the type of token that was assigned to the new process in accordance with User Account Control policy.

Type 1 is a full token with no privileges removed or groups disabled.  A full token is only used if User Account Control is disabled or if the user is the built-in Administrator account or a service account.

Type 2 is an elevated token with no privileges removed or groups disabled.  An elevated token is used when User Account Control is enabled and the user chooses to start the program using Run as administrator.  An elevated token is also used when an application is configured to always require administrative privilege or to always require maximum privilege, and the user is a member of the Administrators group.

Type 3 is a limited token with administrative privileges removed and administrative groups disabled.  The limited token is used when User Account Control is enabled, the application does not require administrative privilege, and the user does not choose to start the program using Run as administrator."
"7/26/2026 12:33:33 PM","4688","A new process has been created.

Creator Subject:
	Security ID:		S-1-5-18
	Account Name:		DESKTOP-51D9LC0$
	Account Domain:		WORKGROUP
	Logon ID:		0x3E7

Target Subject:
	Security ID:		S-1-5-21-3781094446-1990265765-1947709855-1001
	Account Name:		Rev3vs8
	Account Domain:		DESKTOP-51D9LC0
	Logon ID:		0x41D70

Process Information:
	New Process ID:		0x148c
	New Process Name:	C:\Users\Rev3vs8\AppData\Local\Microsoft\OneDrive\26.123.0628.0001\FileCoAuth.exe
	Token Elevation Type:	%%1938
	Mandatory Label:		S-1-16-8192
	Creator Process ID:	0x2e0
	Creator Process Name:	C:\Windows\System32\svchost.exe
	Process Command Line:	

Token Elevation Type indicates the type of token that was assigned to the new process in accordance with User Account Control policy.

Type 1 is a full token with no privileges removed or groups disabled.  A full token is only used if User Account Control is disabled or if the user is the built-in Administrator account or a service account.

Type 2 is an elevated token with no privileges removed or groups disabled.  An elevated token is used when User Account Control is enabled and the user chooses to start the program using Run as administrator.  An elevated token is also used when an application is configured to always require administrative privilege or to always require maximum privilege, and the user is a member of the Administrators group.

Type 3 is a limited token with administrative privileges removed and administrative groups disabled.  The limited token is used when User Account Control is enabled, the application does not require administrative privilege, and the user does not choose to start the program using Run as administrator."
"7/26/2026 12:33:32 PM","4688","A new process has been created.

Creator Subject:
	Security ID:		S-1-5-18
	Account Name:		DESKTOP-51D9LC0$
	Account Domain:		WORKGROUP
	Logon ID:		0x3E7

Target Subject:
	Security ID:		S-1-5-21-3781094446-1990265765-1947709855-1001
	Account Name:		Rev3vs8
	Account Domain:		DESKTOP-51D9LC0
	Logon ID:		0x41D70

Process Information:
	New Process ID:		0x1440
	New Process Name:	C:\Windows\System32\wlrmdr.exe
	Token Elevation Type:	%%1938
	Mandatory Label:		S-1-16-8192
	Creator Process ID:	0x23c
	Creator Process Name:	C:\Windows\System32\winlogon.exe
	Process Command Line:	

Token Elevation Type indicates the type of token that was assigned to the new process in accordance with User Account Control policy.

Type 1 is a full token with no privileges removed or groups disabled.  A full token is only used if User Account Control is disabled or if the user is the built-in Administrator account or a service account.

Type 2 is an elevated token with no privileges removed or groups disabled.  An elevated token is used when User Account Control is enabled and the user chooses to start the program using Run as administrator.  An elevated token is also used when an application is configured to always require administrative privilege or to always require maximum privilege, and the user is a member of the Administrators group.

Type 3 is a limited token with administrative privileges removed and administrative groups disabled.  The limited token is used when User Account Control is enabled, the application does not require administrative privilege, and the user does not choose to start the program using Run as administrator."
"7/26/2026 12:33:31 PM","4688","A new process has been created.

Creator Subject:
	Security ID:		S-1-5-21-3781094446-1990265765-1947709855-1001
	Account Name:		Rev3vs8
	Account Domain:		DESKTOP-51D9LC0
	Logon ID:		0x41D70

Target Subject:
	Security ID:		S-1-0-0
	Account Name:		-
	Account Domain:		-
	Logon ID:		0x0

Process Information:
	New Process ID:		0x208
	New Process Name:	C:\Users\Rev3vs8\AppData\Local\Microsoft\OneDrive\OneDrive.exe
	Token Elevation Type:	%%1938
	Mandatory Label:		S-1-16-8192
	Creator Process ID:	0xca0
	Creator Process Name:	C:\Windows\explorer.exe
	Process Command Line:	

Token Elevation Type indicates the type of token that was assigned to the new process in accordance with User Account Control policy.

Type 1 is a full token with no privileges removed or groups disabled.  A full token is only used if User Account Control is disabled or if the user is the built-in Administrator account or a service account.

Type 2 is an elevated token with no privileges removed or groups disabled.  An elevated token is used when User Account Control is enabled and the user chooses to start the program using Run as administrator.  An elevated token is also used when an application is configured to always require administrative privilege or to always require maximum privilege, and the user is a member of the Administrators group.

Type 3 is a limited token with administrative privileges removed and administrative groups disabled.  The limited token is used when User Account Control is enabled, the application does not require administrative privilege, and the user does not choose to start the program using Run as administrator."
"7/26/2026 12:33:31 PM","4688","A new process has been created.

Creator Subject:
	Security ID:		S-1-5-18
	Account Name:		DESKTOP-51D9LC0$
	Account Domain:		WORKGROUP
	Logon ID:		0x3E7

Target Subject:
	Security ID:		S-1-5-21-3781094446-1990265765-1947709855-1001
	Account Name:		Rev3vs8
	Account Domain:		DESKTOP-51D9LC0
	Logon ID:		0x41D70

Process Information:
	New Process ID:		0xa0
	New Process Name:	C:\Windows\System32\taskhostw.exe
	Token Elevation Type:	%%1938
	Mandatory Label:		S-1-16-8192
	Creator Process ID:	0x3f0
	Creator Process Name:	C:\Windows\System32\svchost.exe
	Process Command Line:	

Token Elevation Type indicates the type of token that was assigned to the new process in accordance with User Account Control policy.

Type 1 is a full token with no privileges removed or groups disabled.  A full token is only used if User Account Control is disabled or if the user is the built-in Administrator account or a service account.

Type 2 is an elevated token with no privileges removed or groups disabled.  An elevated token is used when User Account Control is enabled and the user chooses to start the program using Run as administrator.  An elevated token is also used when an application is configured to always require administrative privilege or to always require maximum privilege, and the user is a member of the Administrators group.

Type 3 is a limited token with administrative privileges removed and administrative groups disabled.  The limited token is used when User Account Control is enabled, the application does not require administrative privilege, and the user does not choose to start the program using Run as administrator."
"7/26/2026 12:33:31 PM","4688","A new process has been created.

Creator Subject:
	Security ID:		S-1-5-18
	Account Name:		DESKTOP-51D9LC0$
	Account Domain:		WORKGROUP
	Logon ID:		0x3E7

Target Subject:
	Security ID:		S-1-0-0
	Account Name:		-
	Account Domain:		-
	Logon ID:		0x0

Process Information:
	New Process ID:		0xa60
	New Process Name:	C:\Windows\System32\SecurityHealthService.exe
	Token Elevation Type:	%%1936
	Mandatory Label:		S-1-16-16384
	Creator Process ID:	0x254
	Creator Process Name:	C:\Windows\System32\services.exe
	Process Command Line:	

Token Elevation Type indicates the type of token that was assigned to the new process in accordance with User Account Control policy.

Type 1 is a full token with no privileges removed or groups disabled.  A full token is only used if User Account Control is disabled or if the user is the built-in Administrator account or a service account.

Type 2 is an elevated token with no privileges removed or groups disabled.  An elevated token is used when User Account Control is enabled and the user chooses to start the program using Run as administrator.  An elevated token is also used when an application is configured to always require administrative privilege or to always require maximum privilege, and the user is a member of the Administrators group.

Type 3 is a limited token with administrative privileges removed and administrative groups disabled.  The limited token is used when User Account Control is enabled, the application does not require administrative privilege, and the user does not choose to start the program using Run as administrator."
"7/26/2026 12:33:31 PM","4688","A new process has been created.

Creator Subject:
	Security ID:		S-1-5-21-3781094446-1990265765-1947709855-1001
	Account Name:		Rev3vs8
	Account Domain:		DESKTOP-51D9LC0
	Logon ID:		0x41D70

Target Subject:
	Security ID:		S-1-0-0
	Account Name:		-
	Account Domain:		-
	Logon ID:		0x0

Process Information:
	New Process ID:		0xa40
	New Process Name:	C:\Windows\System32\SecurityHealthSystray.exe
	Token Elevation Type:	%%1938
	Mandatory Label:		S-1-16-8192
	Creator Process ID:	0xca0
	Creator Process Name:	C:\Windows\explorer.exe
	Process Command Line:	

Token Elevation Type indicates the type of token that was assigned to the new process in accordance with User Account Control policy.

Type 1 is a full token with no privileges removed or groups disabled.  A full token is only used if User Account Control is disabled or if the user is the built-in Administrator account or a service account.

Type 2 is an elevated token with no privileges removed or groups disabled.  An elevated token is used when User Account Control is enabled and the user chooses to start the program using Run as administrator.  An elevated token is also used when an application is configured to always require administrative privilege or to always require maximum privilege, and the user is a member of the Administrators group.

Type 3 is a limited token with administrative privileges removed and administrative groups disabled.  The limited token is used when User Account Control is enabled, the application does not require administrative privilege, and the user does not choose to start the program using Run as administrator."
"7/26/2026 12:33:31 PM","4688","A new process has been created.

Creator Subject:
	Security ID:		S-1-5-18
	Account Name:		DESKTOP-51D9LC0$
	Account Domain:		WORKGROUP
	Logon ID:		0x3E7

Target Subject:
	Security ID:		S-1-5-21-3781094446-1990265765-1947709855-1001
	Account Name:		Rev3vs8
	Account Domain:		DESKTOP-51D9LC0
	Logon ID:		0x41D70

Process Information:
	New Process ID:		0xa2c
	New Process Name:	C:\Windows\System32\smartscreen.exe
	Token Elevation Type:	%%1938
	Mandatory Label:		S-1-16-8192
	Creator Process ID:	0x2e0
	Creator Process Name:	C:\Windows\System32\svchost.exe
	Process Command Line:	

Token Elevation Type indicates the type of token that was assigned to the new process in accordance with User Account Control policy.

Type 1 is a full token with no privileges removed or groups disabled.  A full token is only used if User Account Control is disabled or if the user is the built-in Administrator account or a service account.

Type 2 is an elevated token with no privileges removed or groups disabled.  An elevated token is used when User Account Control is enabled and the user chooses to start the program using Run as administrator.  An elevated token is also used when an application is configured to always require administrative privilege or to always require maximum privilege, and the user is a member of the Administrators group.

Type 3 is a limited token with administrative privileges removed and administrative groups disabled.  The limited token is used when User Account Control is enabled, the application does not require administrative privilege, and the user does not choose to start the program using Run as administrator."
"7/26/2026 12:33:28 PM","4688","A new process has been created.

Creator Subject:
	Security ID:		S-1-5-18
	Account Name:		DESKTOP-51D9LC0$
	Account Domain:		WORKGROUP
	Logon ID:		0x3E7

Target Subject:
	Security ID:		S-1-5-21-3781094446-1990265765-1947709855-1001
	Account Name:		Rev3vs8
	Account Domain:		DESKTOP-51D9LC0
	Logon ID:		0x41D70

Process Information:
	New Process ID:		0x1108
	New Process Name:	C:\Windows\System32\backgroundTaskHost.exe
	Token Elevation Type:	%%1938
	Mandatory Label:		S-1-16-8192
	Creator Process ID:	0x2e0
	Creator Process Name:	C:\Windows\System32\svchost.exe
	Process Command Line:	

Token Elevation Type indicates the type of token that was assigned to the new process in accordance with User Account Control policy.

Type 1 is a full token with no privileges removed or groups disabled.  A full token is only used if User Account Control is disabled or if the user is the built-in Administrator account or a service account.

Type 2 is an elevated token with no privileges removed or groups disabled.  An elevated token is used when User Account Control is enabled and the user chooses to start the program using Run as administrator.  An elevated token is also used when an application is configured to always require administrative privilege or to always require maximum privilege, and the user is a member of the Administrators group.

Type 3 is a limited token with administrative privileges removed and administrative groups disabled.  The limited token is used when User Account Control is enabled, the application does not require administrative privilege, and the user does not choose to start the program using Run as administrator."
"7/26/2026 12:33:26 PM","4688","A new process has been created.

Creator Subject:
	Security ID:		S-1-5-18
	Account Name:		DESKTOP-51D9LC0$
	Account Domain:		WORKGROUP
	Logon ID:		0x3E7

Target Subject:
	Security ID:		S-1-5-21-3781094446-1990265765-1947709855-1001
	Account Name:		Rev3vs8
	Account Domain:		DESKTOP-51D9LC0
	Logon ID:		0x41D70

Process Information:
	New Process ID:		0x1130
	New Process Name:	C:\Windows\System32\dllhost.exe
	Token Elevation Type:	%%1938
	Mandatory Label:		S-1-16-8192
	Creator Process ID:	0x2e0
	Creator Process Name:	C:\Windows\System32\svchost.exe
	Process Command Line:	

Token Elevation Type indicates the type of token that was assigned to the new process in accordance with User Account Control policy.

Type 1 is a full token with no privileges removed or groups disabled.  A full token is only used if User Account Control is disabled or if the user is the built-in Administrator account or a service account.

Type 2 is an elevated token with no privileges removed or groups disabled.  An elevated token is used when User Account Control is enabled and the user chooses to start the program using Run as administrator.  An elevated token is also used when an application is configured to always require administrative privilege or to always require maximum privilege, and the user is a member of the Administrators group.

Type 3 is a limited token with administrative privileges removed and administrative groups disabled.  The limited token is used when User Account Control is enabled, the application does not require administrative privilege, and the user does not choose to start the program using Run as administrator."
"7/26/2026 12:33:25 PM","4688","A new process has been created.

Creator Subject:
	Security ID:		S-1-5-18
	Account Name:		DESKTOP-51D9LC0$
	Account Domain:		WORKGROUP
	Logon ID:		0x3E7

Target Subject:
	Security ID:		S-1-5-21-3781094446-1990265765-1947709855-1001
	Account Name:		Rev3vs8
	Account Domain:		DESKTOP-51D9LC0
	Logon ID:		0x41D70

Process Information:
	New Process ID:		0x1034
	New Process Name:	C:\Users\Rev3vs8\AppData\Local\Microsoft\OneDrive\26.123.0628.0001\FileCoAuth.exe
	Token Elevation Type:	%%1938
	Mandatory Label:		S-1-16-8192
	Creator Process ID:	0x2e0
	Creator Process Name:	C:\Windows\System32\svchost.exe
	Process Command Line:	

Token Elevation Type indicates the type of token that was assigned to the new process in accordance with User Account Control policy.

Type 1 is a full token with no privileges removed or groups disabled.  A full token is only used if User Account Control is disabled or if the user is the built-in Administrator account or a service account.

Type 2 is an elevated token with no privileges removed or groups disabled.  An elevated token is used when User Account Control is enabled and the user chooses to start the program using Run as administrator.  An elevated token is also used when an application is configured to always require administrative privilege or to always require maximum privilege, and the user is a member of the Administrators group.

Type 3 is a limited token with administrative privileges removed and administrative groups disabled.  The limited token is used when User Account Control is enabled, the application does not require administrative privilege, and the user does not choose to start the program using Run as administrator."
"7/26/2026 12:33:24 PM","4688","A new process has been created.

Creator Subject:
	Security ID:		S-1-5-18
	Account Name:		DESKTOP-51D9LC0$
	Account Domain:		WORKGROUP
	Logon ID:		0x3E7

Target Subject:
	Security ID:		S-1-5-21-3781094446-1990265765-1947709855-1001
	Account Name:		Rev3vs8
	Account Domain:		DESKTOP-51D9LC0
	Logon ID:		0x41D70

Process Information:
	New Process ID:		0x1198
	New Process Name:	C:\Windows\System32\mobsync.exe
	Token Elevation Type:	%%1938
	Mandatory Label:		S-1-16-8192
	Creator Process ID:	0x2e0
	Creator Process Name:	C:\Windows\System32\svchost.exe
	Process Command Line:	

Token Elevation Type indicates the type of token that was assigned to the new process in accordance with User Account Control policy.

Type 1 is a full token with no privileges removed or groups disabled.  A full token is only used if User Account Control is disabled or if the user is the built-in Administrator account or a service account.

Type 2 is an elevated token with no privileges removed or groups disabled.  An elevated token is used when User Account Control is enabled and the user chooses to start the program using Run as administrator.  An elevated token is also used when an application is configured to always require administrative privilege or to always require maximum privilege, and the user is a member of the Administrators group.

Type 3 is a limited token with administrative privileges removed and administrative groups disabled.  The limited token is used when User Account Control is enabled, the application does not require administrative privilege, and the user does not choose to start the program using Run as administrator."
"7/26/2026 12:33:22 PM","4688","A new process has been created.

Creator Subject:
	Security ID:		S-1-5-18
	Account Name:		DESKTOP-51D9LC0$
	Account Domain:		WORKGROUP
	Logon ID:		0x3E7

Target Subject:
	Security ID:		S-1-5-21-3781094446-1990265765-1947709855-1001
	Account Name:		Rev3vs8
	Account Domain:		DESKTOP-51D9LC0
	Logon ID:		0x41D70

Process Information:
	New Process ID:		0xf90
	New Process Name:	C:\Windows\System32\RuntimeBroker.exe
	Token Elevation Type:	%%1938
	Mandatory Label:		S-1-16-8192
	Creator Process ID:	0x2e0
	Creator Process Name:	C:\Windows\System32\svchost.exe
	Process Command Line:	

Token Elevation Type indicates the type of token that was assigned to the new process in accordance with User Account Control policy.

Type 1 is a full token with no privileges removed or groups disabled.  A full token is only used if User Account Control is disabled or if the user is the built-in Administrator account or a service account.

Type 2 is an elevated token with no privileges removed or groups disabled.  An elevated token is used when User Account Control is enabled and the user chooses to start the program using Run as administrator.  An elevated token is also used when an application is configured to always require administrative privilege or to always require maximum privilege, and the user is a member of the Administrators group.

Type 3 is a limited token with administrative privileges removed and administrative groups disabled.  The limited token is used when User Account Control is enabled, the application does not require administrative privilege, and the user does not choose to start the program using Run as administrator."
"7/26/2026 12:33:21 PM","4688","A new process has been created.

Creator Subject:
	Security ID:		S-1-5-18
	Account Name:		DESKTOP-51D9LC0$
	Account Domain:		WORKGROUP
	Logon ID:		0x3E7

Target Subject:
	Security ID:		S-1-5-21-3781094446-1990265765-1947709855-1001
	Account Name:		Rev3vs8
	Account Domain:		DESKTOP-51D9LC0
	Logon ID:		0x41D70

Process Information:
	New Process ID:		0xcfc
	New Process Name:	C:\Windows\System32\backgroundTaskHost.exe
	Token Elevation Type:	%%1938
	Mandatory Label:		S-1-16-8192
	Creator Process ID:	0x2e0
	Creator Process Name:	C:\Windows\System32\svchost.exe
	Process Command Line:	

Token Elevation Type indicates the type of token that was assigned to the new process in accordance with User Account Control policy.

Type 1 is a full token with no privileges removed or groups disabled.  A full token is only used if User Account Control is disabled or if the user is the built-in Administrator account or a service account.

Type 2 is an elevated token with no privileges removed or groups disabled.  An elevated token is used when User Account Control is enabled and the user chooses to start the program using Run as administrator.  An elevated token is also used when an application is configured to always require administrative privilege or to always require maximum privilege, and the user is a member of the Administrators group.

Type 3 is a limited token with administrative privileges removed and administrative groups disabled.  The limited token is used when User Account Control is enabled, the application does not require administrative privilege, and the user does not choose to start the program using Run as administrator."
"7/26/2026 12:33:20 PM","4688","A new process has been created.

Creator Subject:
	Security ID:		S-1-5-18
	Account Name:		DESKTOP-51D9LC0$
	Account Domain:		WORKGROUP
	Logon ID:		0x3E7

Target Subject:
	Security ID:		S-1-5-21-3781094446-1990265765-1947709855-1001
	Account Name:		Rev3vs8
	Account Domain:		DESKTOP-51D9LC0
	Logon ID:		0x41D70

Process Information:
	New Process ID:		0x3ac
	New Process Name:	C:\Windows\System32\backgroundTaskHost.exe
	Token Elevation Type:	%%1938
	Mandatory Label:		S-1-16-4096
	Creator Process ID:	0x2e0
	Creator Process Name:	C:\Windows\System32\svchost.exe
	Process Command Line:	

Token Elevation Type indicates the type of token that was assigned to the new process in accordance with User Account Control policy.

Type 1 is a full token with no privileges removed or groups disabled.  A full token is only used if User Account Control is disabled or if the user is the built-in Administrator account or a service account.

Type 2 is an elevated token with no privileges removed or groups disabled.  An elevated token is used when User Account Control is enabled and the user chooses to start the program using Run as administrator.  An elevated token is also used when an application is configured to always require administrative privilege or to always require maximum privilege, and the user is a member of the Administrators group.

Type 3 is a limited token with administrative privileges removed and administrative groups disabled.  The limited token is used when User Account Control is enabled, the application does not require administrative privilege, and the user does not choose to start the program using Run as administrator."
"7/26/2026 12:33:20 PM","4688","A new process has been created.

Creator Subject:
	Security ID:		S-1-5-18
	Account Name:		DESKTOP-51D9LC0$
	Account Domain:		WORKGROUP
	Logon ID:		0x3E7

Target Subject:
	Security ID:		S-1-5-21-3781094446-1990265765-1947709855-1001
	Account Name:		Rev3vs8
	Account Domain:		DESKTOP-51D9LC0
	Logon ID:		0x41D70

Process Information:
	New Process ID:		0x118c
	New Process Name:	C:\Windows\System32\backgroundTaskHost.exe
	Token Elevation Type:	%%1938
	Mandatory Label:		S-1-16-4096
	Creator Process ID:	0x2e0
	Creator Process Name:	C:\Windows\System32\svchost.exe
	Process Command Line:	

Token Elevation Type indicates the type of token that was assigned to the new process in accordance with User Account Control policy.

Type 1 is a full token with no privileges removed or groups disabled.  A full token is only used if User Account Control is disabled or if the user is the built-in Administrator account or a service account.

Type 2 is an elevated token with no privileges removed or groups disabled.  An elevated token is used when User Account Control is enabled and the user chooses to start the program using Run as administrator.  An elevated token is also used when an application is configured to always require administrative privilege or to always require maximum privilege, and the user is a member of the Administrators group.

Type 3 is a limited token with administrative privileges removed and administrative groups disabled.  The limited token is used when User Account Control is enabled, the application does not require administrative privilege, and the user does not choose to start the program using Run as administrator."
"7/26/2026 12:33:18 PM","4688","A new process has been created.

Creator Subject:
	Security ID:		S-1-5-18
	Account Name:		DESKTOP-51D9LC0$
	Account Domain:		WORKGROUP
	Logon ID:		0x3E7

Target Subject:
	Security ID:		S-1-0-0
	Account Name:		-
	Account Domain:		-
	Logon ID:		0x0

Process Information:
	New Process ID:		0x1368
	New Process Name:	C:\Windows\System32\svchost.exe
	Token Elevation Type:	%%1936
	Mandatory Label:		S-1-16-16384
	Creator Process ID:	0x254
	Creator Process Name:	C:\Windows\System32\services.exe
	Process Command Line:	

Token Elevation Type indicates the type of token that was assigned to the new process in accordance with User Account Control policy.

Type 1 is a full token with no privileges removed or groups disabled.  A full token is only used if User Account Control is disabled or if the user is the built-in Administrator account or a service account.

Type 2 is an elevated token with no privileges removed or groups disabled.  An elevated token is used when User Account Control is enabled and the user chooses to start the program using Run as administrator.  An elevated token is also used when an application is configured to always require administrative privilege or to always require maximum privilege, and the user is a member of the Administrators group.

Type 3 is a limited token with administrative privileges removed and administrative groups disabled.  The limited token is used when User Account Control is enabled, the application does not require administrative privilege, and the user does not choose to start the program using Run as administrator."
"7/26/2026 12:33:13 PM","4688","A new process has been created.

Creator Subject:
	Security ID:		S-1-5-18
	Account Name:		DESKTOP-51D9LC0$
	Account Domain:		WORKGROUP
	Logon ID:		0x3E7

Target Subject:
	Security ID:		S-1-0-0
	Account Name:		-
	Account Domain:		-
	Logon ID:		0x0

Process Information:
	New Process ID:		0x129c
	New Process Name:	C:\Windows\System32\MoUsoCoreWorker.exe
	Token Elevation Type:	%%1936
	Mandatory Label:		S-1-16-16384
	Creator Process ID:	0x2e0
	Creator Process Name:	C:\Windows\System32\svchost.exe
	Process Command Line:	

Token Elevation Type indicates the type of token that was assigned to the new process in accordance with User Account Control policy.

Type 1 is a full token with no privileges removed or groups disabled.  A full token is only used if User Account Control is disabled or if the user is the built-in Administrator account or a service account.

Type 2 is an elevated token with no privileges removed or groups disabled.  An elevated token is used when User Account Control is enabled and the user chooses to start the program using Run as administrator.  An elevated token is also used when an application is configured to always require administrative privilege or to always require maximum privilege, and the user is a member of the Administrators group.

Type 3 is a limited token with administrative privileges removed and administrative groups disabled.  The limited token is used when User Account Control is enabled, the application does not require administrative privilege, and the user does not choose to start the program using Run as administrator."
"7/26/2026 12:33:13 PM","4688","A new process has been created.

Creator Subject:
	Security ID:		S-1-5-18
	Account Name:		DESKTOP-51D9LC0$
	Account Domain:		WORKGROUP
	Logon ID:		0x3E7

Target Subject:
	Security ID:		S-1-5-21-3781094446-1990265765-1947709855-1001
	Account Name:		Rev3vs8
	Account Domain:		DESKTOP-51D9LC0
	Logon ID:		0x41D70

Process Information:
	New Process ID:		0x1284
	New Process Name:	C:\Windows\System32\RuntimeBroker.exe
	Token Elevation Type:	%%1938
	Mandatory Label:		S-1-16-8192
	Creator Process ID:	0x2e0
	Creator Process Name:	C:\Windows\System32\svchost.exe
	Process Command Line:	

Token Elevation Type indicates the type of token that was assigned to the new process in accordance with User Account Control policy.

Type 1 is a full token with no privileges removed or groups disabled.  A full token is only used if User Account Control is disabled or if the user is the built-in Administrator account or a service account.

Type 2 is an elevated token with no privileges removed or groups disabled.  An elevated token is used when User Account Control is enabled and the user chooses to start the program using Run as administrator.  An elevated token is also used when an application is configured to always require administrative privilege or to always require maximum privilege, and the user is a member of the Administrators group.

Type 3 is a limited token with administrative privileges removed and administrative groups disabled.  The limited token is used when User Account Control is enabled, the application does not require administrative privilege, and the user does not choose to start the program using Run as administrator."
"7/26/2026 12:33:13 PM","4688","A new process has been created.

Creator Subject:
	Security ID:		S-1-5-18
	Account Name:		DESKTOP-51D9LC0$
	Account Domain:		WORKGROUP
	Logon ID:		0x3E7

Target Subject:
	Security ID:		S-1-5-21-3781094446-1990265765-1947709855-1001
	Account Name:		Rev3vs8
	Account Domain:		DESKTOP-51D9LC0
	Logon ID:		0x41D70

Process Information:
	New Process ID:		0x1210
	New Process Name:	C:\Windows\SystemApps\Microsoft.Windows.Search_cw5n1h2txyewy\SearchApp.exe
	Token Elevation Type:	%%1938
	Mandatory Label:		S-1-16-4096
	Creator Process ID:	0x2e0
	Creator Process Name:	C:\Windows\System32\svchost.exe
	Process Command Line:	

Token Elevation Type indicates the type of token that was assigned to the new process in accordance with User Account Control policy.

Type 1 is a full token with no privileges removed or groups disabled.  A full token is only used if User Account Control is disabled or if the user is the built-in Administrator account or a service account.

Type 2 is an elevated token with no privileges removed or groups disabled.  An elevated token is used when User Account Control is enabled and the user chooses to start the program using Run as administrator.  An elevated token is also used when an application is configured to always require administrative privilege or to always require maximum privilege, and the user is a member of the Administrators group.

Type 3 is a limited token with administrative privileges removed and administrative groups disabled.  The limited token is used when User Account Control is enabled, the application does not require administrative privilege, and the user does not choose to start the program using Run as administrator."
"7/26/2026 12:33:13 PM","4688","A new process has been created.

Creator Subject:
	Security ID:		S-1-5-18
	Account Name:		DESKTOP-51D9LC0$
	Account Domain:		WORKGROUP
	Logon ID:		0x3E7

Target Subject:
	Security ID:		S-1-5-21-3781094446-1990265765-1947709855-1001
	Account Name:		Rev3vs8
	Account Domain:		DESKTOP-51D9LC0
	Logon ID:		0x41D70

Process Information:
	New Process ID:		0x11d8
	New Process Name:	C:\Windows\System32\dllhost.exe
	Token Elevation Type:	%%1938
	Mandatory Label:		S-1-16-8192
	Creator Process ID:	0x2e0
	Creator Process Name:	C:\Windows\System32\svchost.exe
	Process Command Line:	

Token Elevation Type indicates the type of token that was assigned to the new process in accordance with User Account Control policy.

Type 1 is a full token with no privileges removed or groups disabled.  A full token is only used if User Account Control is disabled or if the user is the built-in Administrator account or a service account.

Type 2 is an elevated token with no privileges removed or groups disabled.  An elevated token is used when User Account Control is enabled and the user chooses to start the program using Run as administrator.  An elevated token is also used when an application is configured to always require administrative privilege or to always require maximum privilege, and the user is a member of the Administrators group.

Type 3 is a limited token with administrative privileges removed and administrative groups disabled.  The limited token is used when User Account Control is enabled, the application does not require administrative privilege, and the user does not choose to start the program using Run as administrator."
"7/26/2026 12:33:12 PM","4688","A new process has been created.

Creator Subject:
	Security ID:		S-1-5-20
	Account Name:		DESKTOP-51D9LC0$
	Account Domain:		WORKGROUP
	Logon ID:		0x3E4

Target Subject:
	Security ID:		S-1-0-0
	Account Name:		-
	Account Domain:		-
	Logon ID:		0x0

Process Information:
	New Process ID:		0x1134
	New Process Name:	C:\Windows\System32\slui.exe
	Token Elevation Type:	%%1936
	Mandatory Label:		S-1-16-16384
	Creator Process ID:	0xb54
	Creator Process Name:	C:\Windows\System32\SppExtComObj.Exe
	Process Command Line:	

Token Elevation Type indicates the type of token that was assigned to the new process in accordance with User Account Control policy.

Type 1 is a full token with no privileges removed or groups disabled.  A full token is only used if User Account Control is disabled or if the user is the built-in Administrator account or a service account.

Type 2 is an elevated token with no privileges removed or groups disabled.  An elevated token is used when User Account Control is enabled and the user chooses to start the program using Run as administrator.  An elevated token is also used when an application is configured to always require administrative privilege or to always require maximum privilege, and the user is a member of the Administrators group.

Type 3 is a limited token with administrative privileges removed and administrative groups disabled.  The limited token is used when User Account Control is enabled, the application does not require administrative privilege, and the user does not choose to start the program using Run as administrator."
"7/26/2026 12:33:09 PM","4688","A new process has been created.

Creator Subject:
	Security ID:		S-1-5-18
	Account Name:		DESKTOP-51D9LC0$
	Account Domain:		WORKGROUP
	Logon ID:		0x3E7

Target Subject:
	Security ID:		S-1-5-21-3781094446-1990265765-1947709855-1001
	Account Name:		Rev3vs8
	Account Domain:		DESKTOP-51D9LC0
	Logon ID:		0x41D70

Process Information:
	New Process ID:		0xf18
	New Process Name:	C:\Windows\System32\RuntimeBroker.exe
	Token Elevation Type:	%%1938
	Mandatory Label:		S-1-16-8192
	Creator Process ID:	0x2e0
	Creator Process Name:	C:\Windows\System32\svchost.exe
	Process Command Line:	

Token Elevation Type indicates the type of token that was assigned to the new process in accordance with User Account Control policy.

Type 1 is a full token with no privileges removed or groups disabled.  A full token is only used if User Account Control is disabled or if the user is the built-in Administrator account or a service account.

Type 2 is an elevated token with no privileges removed or groups disabled.  An elevated token is used when User Account Control is enabled and the user chooses to start the program using Run as administrator.  An elevated token is also used when an application is configured to always require administrative privilege or to always require maximum privilege, and the user is a member of the Administrators group.

Type 3 is a limited token with administrative privileges removed and administrative groups disabled.  The limited token is used when User Account Control is enabled, the application does not require administrative privilege, and the user does not choose to start the program using Run as administrator."
"7/26/2026 12:33:09 PM","4688","A new process has been created.

Creator Subject:
	Security ID:		S-1-5-18
	Account Name:		DESKTOP-51D9LC0$
	Account Domain:		WORKGROUP
	Logon ID:		0x3E7

Target Subject:
	Security ID:		S-1-0-0
	Account Name:		-
	Account Domain:		-
	Logon ID:		0x0

Process Information:
	New Process ID:		0xf00
	New Process Name:	C:\Windows\WinSxS\amd64_microsoft-windows-servicingstack_31bf3856ad364e35_10.0.19041.6465_none_7e0fb53c7c8be091\TiWorker.exe
	Token Elevation Type:	%%1936
	Mandatory Label:		S-1-16-16384
	Creator Process ID:	0x2e0
	Creator Process Name:	C:\Windows\System32\svchost.exe
	Process Command Line:	

Token Elevation Type indicates the type of token that was assigned to the new process in accordance with User Account Control policy.

Type 1 is a full token with no privileges removed or groups disabled.  A full token is only used if User Account Control is disabled or if the user is the built-in Administrator account or a service account.

Type 2 is an elevated token with no privileges removed or groups disabled.  An elevated token is used when User Account Control is enabled and the user chooses to start the program using Run as administrator.  An elevated token is also used when an application is configured to always require administrative privilege or to always require maximum privilege, and the user is a member of the Administrators group.

Type 3 is a limited token with administrative privileges removed and administrative groups disabled.  The limited token is used when User Account Control is enabled, the application does not require administrative privilege, and the user does not choose to start the program using Run as administrator."
"7/26/2026 12:33:09 PM","4688","A new process has been created.

Creator Subject:
	Security ID:		S-1-5-18
	Account Name:		DESKTOP-51D9LC0$
	Account Domain:		WORKGROUP
	Logon ID:		0x3E7

Target Subject:
	Security ID:		S-1-0-0
	Account Name:		-
	Account Domain:		-
	Logon ID:		0x0

Process Information:
	New Process ID:		0xecc
	New Process Name:	C:\Windows\servicing\TrustedInstaller.exe
	Token Elevation Type:	%%1936
	Mandatory Label:		S-1-16-16384
	Creator Process ID:	0x254
	Creator Process Name:	C:\Windows\System32\services.exe
	Process Command Line:	

Token Elevation Type indicates the type of token that was assigned to the new process in accordance with User Account Control policy.

Type 1 is a full token with no privileges removed or groups disabled.  A full token is only used if User Account Control is disabled or if the user is the built-in Administrator account or a service account.

Type 2 is an elevated token with no privileges removed or groups disabled.  An elevated token is used when User Account Control is enabled and the user chooses to start the program using Run as administrator.  An elevated token is also used when an application is configured to always require administrative privilege or to always require maximum privilege, and the user is a member of the Administrators group.

Type 3 is a limited token with administrative privileges removed and administrative groups disabled.  The limited token is used when User Account Control is enabled, the application does not require administrative privilege, and the user does not choose to start the program using Run as administrator."
"7/26/2026 12:33:08 PM","4688","A new process has been created.

Creator Subject:
	Security ID:		S-1-5-18
	Account Name:		DESKTOP-51D9LC0$
	Account Domain:		WORKGROUP
	Logon ID:		0x3E7

Target Subject:
	Security ID:		S-1-5-21-3781094446-1990265765-1947709855-1001
	Account Name:		Rev3vs8
