	Account Domain:		-
	Logon ID:		0x0

Process Information:
	New Process ID:		0xfdc
	New Process Name:	C:\Windows\System32\conhost.exe
	Token Elevation Type:	%%1936
	Mandatory Label:		S-1-16-16384
	Creator Process ID:	0xd80
	Creator Process Name:	C:\ProgramData\Microsoft\Windows Defender\Platform\4.18.26060.3008-0\MpCmdRun.exe
	Process Command Line:	

Token Elevation Type indicates the type of token that was assigned to the new process in accordance with User Account Control policy.

Type 1 is a full token with no privileges removed or groups disabled.  A full token is only used if User Account Control is disabled or if the user is the built-in Administrator account or a service account.

Type 2 is an elevated token with no privileges removed or groups disabled.  An elevated token is used when User Account Control is enabled and the user chooses to start the program using Run as administrator.  An elevated token is also used when an application is configured to always require administrative privilege or to always require maximum privilege, and the user is a member of the Administrators group.

Type 3 is a limited token with administrative privileges removed and administrative groups disabled.  The limited token is used when User Account Control is enabled, the application does not require administrative privilege, and the user does not choose to start the program using Run as administrator."
"7/24/2026 3:01:45 AM","4688","A new process has been created.

Creator Subject:
	Security ID:		S-1-5-18
	Account Name:		DESKTOP-51D9LC0$
	Account Domain:		WORKGROUP
	Logon ID:		0x3E7

Target Subject:
	Security ID:		S-1-0-0
	Account Name:		-
	Account Domain:		-
	Logon ID:		0x0

Process Information:
	New Process ID:		0xd80
	New Process Name:	C:\ProgramData\Microsoft\Windows Defender\Platform\4.18.26060.3008-0\MpCmdRun.exe
	Token Elevation Type:	%%1936
	Mandatory Label:		S-1-16-16384
	Creator Process ID:	0x7f0
	Creator Process Name:	C:\ProgramData\Microsoft\Windows Defender\Platform\4.18.26060.3008-0\MsMpEng.exe
	Process Command Line:	

Token Elevation Type indicates the type of token that was assigned to the new process in accordance with User Account Control policy.

Type 1 is a full token with no privileges removed or groups disabled.  A full token is only used if User Account Control is disabled or if the user is the built-in Administrator account or a service account.

Type 2 is an elevated token with no privileges removed or groups disabled.  An elevated token is used when User Account Control is enabled and the user chooses to start the program using Run as administrator.  An elevated token is also used when an application is configured to always require administrative privilege or to always require maximum privilege, and the user is a member of the Administrators group.

Type 3 is a limited token with administrative privileges removed and administrative groups disabled.  The limited token is used when User Account Control is enabled, the application does not require administrative privilege, and the user does not choose to start the program using Run as administrator."
"7/24/2026 3:01:44 AM","4688","A new process has been created.

Creator Subject:
	Security ID:		S-1-5-18
	Account Name:		DESKTOP-51D9LC0$
	Account Domain:		WORKGROUP
	Logon ID:		0x3E7

Target Subject:
	Security ID:		S-1-0-0
	Account Name:		-
	Account Domain:		-
	Logon ID:		0x0

Process Information:
	New Process ID:		0x324
	New Process Name:	C:\Windows\System32\conhost.exe
	Token Elevation Type:	%%1936
	Mandatory Label:		S-1-16-16384
	Creator Process ID:	0x116c
	Creator Process Name:	C:\ProgramData\Microsoft\Windows Defender\Platform\4.18.26060.3008-0\MpCmdRun.exe
	Process Command Line:	

Token Elevation Type indicates the type of token that was assigned to the new process in accordance with User Account Control policy.

Type 1 is a full token with no privileges removed or groups disabled.  A full token is only used if User Account Control is disabled or if the user is the built-in Administrator account or a service account.

Type 2 is an elevated token with no privileges removed or groups disabled.  An elevated token is used when User Account Control is enabled and the user chooses to start the program using Run as administrator.  An elevated token is also used when an application is configured to always require administrative privilege or to always require maximum privilege, and the user is a member of the Administrators group.

Type 3 is a limited token with administrative privileges removed and administrative groups disabled.  The limited token is used when User Account Control is enabled, the application does not require administrative privilege, and the user does not choose to start the program using Run as administrator."
"7/24/2026 3:01:44 AM","4688","A new process has been created.

Creator Subject:
	Security ID:		S-1-5-18
	Account Name:		DESKTOP-51D9LC0$
	Account Domain:		WORKGROUP
	Logon ID:		0x3E7

Target Subject:
	Security ID:		S-1-0-0
	Account Name:		-
	Account Domain:		-
	Logon ID:		0x0

Process Information:
	New Process ID:		0x116c
	New Process Name:	C:\ProgramData\Microsoft\Windows Defender\Platform\4.18.26060.3008-0\MpCmdRun.exe
	Token Elevation Type:	%%1936
	Mandatory Label:		S-1-16-16384
	Creator Process ID:	0x7f0
	Creator Process Name:	C:\ProgramData\Microsoft\Windows Defender\Platform\4.18.26060.3008-0\MsMpEng.exe
	Process Command Line:	

Token Elevation Type indicates the type of token that was assigned to the new process in accordance with User Account Control policy.

Type 1 is a full token with no privileges removed or groups disabled.  A full token is only used if User Account Control is disabled or if the user is the built-in Administrator account or a service account.

Type 2 is an elevated token with no privileges removed or groups disabled.  An elevated token is used when User Account Control is enabled and the user chooses to start the program using Run as administrator.  An elevated token is also used when an application is configured to always require administrative privilege or to always require maximum privilege, and the user is a member of the Administrators group.

Type 3 is a limited token with administrative privileges removed and administrative groups disabled.  The limited token is used when User Account Control is enabled, the application does not require administrative privilege, and the user does not choose to start the program using Run as administrator."
"7/24/2026 2:59:45 AM","4688","A new process has been created.

Creator Subject:
	Security ID:		S-1-5-18
	Account Name:		DESKTOP-51D9LC0$
	Account Domain:		WORKGROUP
	Logon ID:		0x3E7

Target Subject:
	Security ID:		S-1-5-21-3781094446-1990265765-1947709855-1001
	Account Name:		Rev3vs8
	Account Domain:		DESKTOP-51D9LC0
	Logon ID:		0x3F79E

Process Information:
	New Process ID:		0x11b4
	New Process Name:	C:\Windows\System32\backgroundTaskHost.exe
	Token Elevation Type:	%%1938
	Mandatory Label:		S-1-16-4096
	Creator Process ID:	0x2c0
	Creator Process Name:	C:\Windows\System32\svchost.exe
	Process Command Line:	

Token Elevation Type indicates the type of token that was assigned to the new process in accordance with User Account Control policy.

Type 1 is a full token with no privileges removed or groups disabled.  A full token is only used if User Account Control is disabled or if the user is the built-in Administrator account or a service account.

Type 2 is an elevated token with no privileges removed or groups disabled.  An elevated token is used when User Account Control is enabled and the user chooses to start the program using Run as administrator.  An elevated token is also used when an application is configured to always require administrative privilege or to always require maximum privilege, and the user is a member of the Administrators group.

Type 3 is a limited token with administrative privileges removed and administrative groups disabled.  The limited token is used when User Account Control is enabled, the application does not require administrative privilege, and the user does not choose to start the program using Run as administrator."
"7/24/2026 2:59:44 AM","4688","A new process has been created.

Creator Subject:
	Security ID:		S-1-5-21-3781094446-1990265765-1947709855-1001
	Account Name:		Rev3vs8
	Account Domain:		DESKTOP-51D9LC0
	Logon ID:		0x3F79E

Target Subject:
	Security ID:		S-1-0-0
	Account Name:		-
	Account Domain:		-
	Logon ID:		0x0

Process Information:
	New Process ID:		0xbc8
	New Process Name:	C:\Program Files (x86)\Microsoft\EdgeWebView\Application\150.0.4078.48\msedgewebview2.exe
	Token Elevation Type:	%%1938
	Mandatory Label:		S-1-16-4096
	Creator Process ID:	0x6f0
	Creator Process Name:	C:\Program Files (x86)\Microsoft\EdgeWebView\Application\150.0.4078.48\msedgewebview2.exe
	Process Command Line:	

Token Elevation Type indicates the type of token that was assigned to the new process in accordance with User Account Control policy.

Type 1 is a full token with no privileges removed or groups disabled.  A full token is only used if User Account Control is disabled or if the user is the built-in Administrator account or a service account.

Type 2 is an elevated token with no privileges removed or groups disabled.  An elevated token is used when User Account Control is enabled and the user chooses to start the program using Run as administrator.  An elevated token is also used when an application is configured to always require administrative privilege or to always require maximum privilege, and the user is a member of the Administrators group.

Type 3 is a limited token with administrative privileges removed and administrative groups disabled.  The limited token is used when User Account Control is enabled, the application does not require administrative privilege, and the user does not choose to start the program using Run as administrator."
"7/24/2026 2:59:44 AM","4688","A new process has been created.

Creator Subject:
	Security ID:		S-1-5-21-3781094446-1990265765-1947709855-1001
	Account Name:		Rev3vs8
	Account Domain:		DESKTOP-51D9LC0
	Logon ID:		0x3F79E

Target Subject:
	Security ID:		S-1-0-0
	Account Name:		-
	Account Domain:		-
	Logon ID:		0x0

Process Information:
	New Process ID:		0x1664
	New Process Name:	C:\Program Files (x86)\Microsoft\EdgeWebView\Application\150.0.4078.48\msedgewebview2.exe
	Token Elevation Type:	%%1938
	Mandatory Label:		S-1-16-4096
	Creator Process ID:	0x6f0
	Creator Process Name:	C:\Program Files (x86)\Microsoft\EdgeWebView\Application\150.0.4078.48\msedgewebview2.exe
	Process Command Line:	

Token Elevation Type indicates the type of token that was assigned to the new process in accordance with User Account Control policy.

Type 1 is a full token with no privileges removed or groups disabled.  A full token is only used if User Account Control is disabled or if the user is the built-in Administrator account or a service account.

Type 2 is an elevated token with no privileges removed or groups disabled.  An elevated token is used when User Account Control is enabled and the user chooses to start the program using Run as administrator.  An elevated token is also used when an application is configured to always require administrative privilege or to always require maximum privilege, and the user is a member of the Administrators group.

Type 3 is a limited token with administrative privileges removed and administrative groups disabled.  The limited token is used when User Account Control is enabled, the application does not require administrative privilege, and the user does not choose to start the program using Run as administrator."
"7/24/2026 2:59:44 AM","4688","A new process has been created.

Creator Subject:
	Security ID:		S-1-5-21-3781094446-1990265765-1947709855-1001
	Account Name:		Rev3vs8
	Account Domain:		DESKTOP-51D9LC0
	Logon ID:		0x3F79E

Target Subject:
	Security ID:		S-1-0-0
	Account Name:		-
	Account Domain:		-
	Logon ID:		0x0

Process Information:
	New Process ID:		0x588
	New Process Name:	C:\Program Files (x86)\Microsoft\EdgeWebView\Application\150.0.4078.48\msedgewebview2.exe
	Token Elevation Type:	%%1938
	Mandatory Label:		S-1-16-4096
	Creator Process ID:	0x6f0
	Creator Process Name:	C:\Program Files (x86)\Microsoft\EdgeWebView\Application\150.0.4078.48\msedgewebview2.exe
	Process Command Line:	

Token Elevation Type indicates the type of token that was assigned to the new process in accordance with User Account Control policy.

Type 1 is a full token with no privileges removed or groups disabled.  A full token is only used if User Account Control is disabled or if the user is the built-in Administrator account or a service account.

Type 2 is an elevated token with no privileges removed or groups disabled.  An elevated token is used when User Account Control is enabled and the user chooses to start the program using Run as administrator.  An elevated token is also used when an application is configured to always require administrative privilege or to always require maximum privilege, and the user is a member of the Administrators group.

Type 3 is a limited token with administrative privileges removed and administrative groups disabled.  The limited token is used when User Account Control is enabled, the application does not require administrative privilege, and the user does not choose to start the program using Run as administrator."
"7/24/2026 2:59:44 AM","4688","A new process has been created.

Creator Subject:
	Security ID:		S-1-5-21-3781094446-1990265765-1947709855-1001
	Account Name:		Rev3vs8
	Account Domain:		DESKTOP-51D9LC0
	Logon ID:		0x3F79E

Target Subject:
	Security ID:		S-1-0-0
	Account Name:		-
	Account Domain:		-
	Logon ID:		0x0

Process Information:
	New Process ID:		0x3fc
	New Process Name:	C:\Program Files (x86)\Microsoft\EdgeWebView\Application\150.0.4078.48\msedgewebview2.exe
	Token Elevation Type:	%%1938
	Mandatory Label:		S-1-16-4096
	Creator Process ID:	0x6f0
	Creator Process Name:	C:\Program Files (x86)\Microsoft\EdgeWebView\Application\150.0.4078.48\msedgewebview2.exe
	Process Command Line:	

Token Elevation Type indicates the type of token that was assigned to the new process in accordance with User Account Control policy.

Type 1 is a full token with no privileges removed or groups disabled.  A full token is only used if User Account Control is disabled or if the user is the built-in Administrator account or a service account.

Type 2 is an elevated token with no privileges removed or groups disabled.  An elevated token is used when User Account Control is enabled and the user chooses to start the program using Run as administrator.  An elevated token is also used when an application is configured to always require administrative privilege or to always require maximum privilege, and the user is a member of the Administrators group.

Type 3 is a limited token with administrative privileges removed and administrative groups disabled.  The limited token is used when User Account Control is enabled, the application does not require administrative privilege, and the user does not choose to start the program using Run as administrator."
"7/24/2026 2:59:42 AM","4688","A new process has been created.

Creator Subject:
	Security ID:		S-1-5-21-3781094446-1990265765-1947709855-1001
	Account Name:		Rev3vs8
	Account Domain:		DESKTOP-51D9LC0
	Logon ID:		0x3F79E

Target Subject:
	Security ID:		S-1-0-0
	Account Name:		-
	Account Domain:		-
	Logon ID:		0x0

Process Information:
	New Process ID:		0x140c
	New Process Name:	C:\Program Files (x86)\Microsoft\EdgeWebView\Application\150.0.4078.48\msedgewebview2.exe
	Token Elevation Type:	%%1938
	Mandatory Label:		S-1-16-4096
	Creator Process ID:	0x6f0
	Creator Process Name:	C:\Program Files (x86)\Microsoft\EdgeWebView\Application\150.0.4078.48\msedgewebview2.exe
	Process Command Line:	

Token Elevation Type indicates the type of token that was assigned to the new process in accordance with User Account Control policy.

Type 1 is a full token with no privileges removed or groups disabled.  A full token is only used if User Account Control is disabled or if the user is the built-in Administrator account or a service account.

Type 2 is an elevated token with no privileges removed or groups disabled.  An elevated token is used when User Account Control is enabled and the user chooses to start the program using Run as administrator.  An elevated token is also used when an application is configured to always require administrative privilege or to always require maximum privilege, and the user is a member of the Administrators group.

Type 3 is a limited token with administrative privileges removed and administrative groups disabled.  The limited token is used when User Account Control is enabled, the application does not require administrative privilege, and the user does not choose to start the program using Run as administrator."
"7/24/2026 2:59:41 AM","4688","A new process has been created.

Creator Subject:
	Security ID:		S-1-5-21-3781094446-1990265765-1947709855-1001
	Account Name:		Rev3vs8
	Account Domain:		DESKTOP-51D9LC0
	Logon ID:		0x3F79E

Target Subject:
	Security ID:		S-1-0-0
	Account Name:		-
	Account Domain:		-
	Logon ID:		0x0

Process Information:
	New Process ID:		0x6f0
	New Process Name:	C:\Program Files (x86)\Microsoft\EdgeWebView\Application\150.0.4078.48\msedgewebview2.exe
	Token Elevation Type:	%%1938
	Mandatory Label:		S-1-16-4096
	Creator Process ID:	0x13b4
	Creator Process Name:	C:\Windows\SystemApps\Microsoft.Windows.Search_cw5n1h2txyewy\SearchApp.exe
	Process Command Line:	

Token Elevation Type indicates the type of token that was assigned to the new process in accordance with User Account Control policy.

Type 1 is a full token with no privileges removed or groups disabled.  A full token is only used if User Account Control is disabled or if the user is the built-in Administrator account or a service account.

Type 2 is an elevated token with no privileges removed or groups disabled.  An elevated token is used when User Account Control is enabled and the user chooses to start the program using Run as administrator.  An elevated token is also used when an application is configured to always require administrative privilege or to always require maximum privilege, and the user is a member of the Administrators group.

Type 3 is a limited token with administrative privileges removed and administrative groups disabled.  The limited token is used when User Account Control is enabled, the application does not require administrative privilege, and the user does not choose to start the program using Run as administrator."
"7/24/2026 2:59:40 AM","4688","A new process has been created.

Creator Subject:
	Security ID:		S-1-5-21-3781094446-1990265765-1947709855-1001
	Account Name:		Rev3vs8
	Account Domain:		DESKTOP-51D9LC0
	Logon ID:		0x3F776

Target Subject:
	Security ID:		S-1-0-0
	Account Name:		-
	Account Domain:		-
	Logon ID:		0x0

Process Information:
	New Process ID:		0xc68
	New Process Name:	C:\Windows\System32\conhost.exe
	Token Elevation Type:	%%1937
	Mandatory Label:		S-1-16-12288
	Creator Process ID:	0xa44
	Creator Process Name:	C:\Windows\System32\WindowsPowerShell\v1.0\powershell.exe
	Process Command Line:	

Token Elevation Type indicates the type of token that was assigned to the new process in accordance with User Account Control policy.

Type 1 is a full token with no privileges removed or groups disabled.  A full token is only used if User Account Control is disabled or if the user is the built-in Administrator account or a service account.

Type 2 is an elevated token with no privileges removed or groups disabled.  An elevated token is used when User Account Control is enabled and the user chooses to start the program using Run as administrator.  An elevated token is also used when an application is configured to always require administrative privilege or to always require maximum privilege, and the user is a member of the Administrators group.

Type 3 is a limited token with administrative privileges removed and administrative groups disabled.  The limited token is used when User Account Control is enabled, the application does not require administrative privilege, and the user does not choose to start the program using Run as administrator."
"7/24/2026 2:59:39 AM","4688","A new process has been created.

Creator Subject:
	Security ID:		S-1-5-18
	Account Name:		DESKTOP-51D9LC0$
	Account Domain:		WORKGROUP
	Logon ID:		0x3E7

Target Subject:
	Security ID:		S-1-5-21-3781094446-1990265765-1947709855-1001
	Account Name:		Rev3vs8
	Account Domain:		DESKTOP-51D9LC0
	Logon ID:		0x3F776

Process Information:
	New Process ID:		0xa44
	New Process Name:	C:\Windows\System32\WindowsPowerShell\v1.0\powershell.exe
	Token Elevation Type:	%%1937
	Mandatory Label:		S-1-16-12288
	Creator Process ID:	0x12c8
	Creator Process Name:	C:\Windows\System32\RuntimeBroker.exe
	Process Command Line:	

Token Elevation Type indicates the type of token that was assigned to the new process in accordance with User Account Control policy.

Type 1 is a full token with no privileges removed or groups disabled.  A full token is only used if User Account Control is disabled or if the user is the built-in Administrator account or a service account.

Type 2 is an elevated token with no privileges removed or groups disabled.  An elevated token is used when User Account Control is enabled and the user chooses to start the program using Run as administrator.  An elevated token is also used when an application is configured to always require administrative privilege or to always require maximum privilege, and the user is a member of the Administrators group.

Type 3 is a limited token with administrative privileges removed and administrative groups disabled.  The limited token is used when User Account Control is enabled, the application does not require administrative privilege, and the user does not choose to start the program using Run as administrator."
"7/24/2026 2:59:39 AM","4688","A new process has been created.

Creator Subject:
	Security ID:		S-1-5-18
	Account Name:		DESKTOP-51D9LC0$
	Account Domain:		WORKGROUP
	Logon ID:		0x3E7

Target Subject:
	Security ID:		S-1-5-21-3781094446-1990265765-1947709855-1001
	Account Name:		Rev3vs8
	Account Domain:		DESKTOP-51D9LC0
	Logon ID:		0x3F79E

Process Information:
	New Process ID:		0x13b4
	New Process Name:	C:\Windows\SystemApps\Microsoft.Windows.Search_cw5n1h2txyewy\SearchApp.exe
	Token Elevation Type:	%%1938
	Mandatory Label:		S-1-16-4096
	Creator Process ID:	0x2c0
	Creator Process Name:	C:\Windows\System32\svchost.exe
	Process Command Line:	

Token Elevation Type indicates the type of token that was assigned to the new process in accordance with User Account Control policy.

Type 1 is a full token with no privileges removed or groups disabled.  A full token is only used if User Account Control is disabled or if the user is the built-in Administrator account or a service account.

Type 2 is an elevated token with no privileges removed or groups disabled.  An elevated token is used when User Account Control is enabled and the user chooses to start the program using Run as administrator.  An elevated token is also used when an application is configured to always require administrative privilege or to always require maximum privilege, and the user is a member of the Administrators group.

Type 3 is a limited token with administrative privileges removed and administrative groups disabled.  The limited token is used when User Account Control is enabled, the application does not require administrative privilege, and the user does not choose to start the program using Run as administrator."
"7/24/2026 2:59:36 AM","4688","A new process has been created.

Creator Subject:
	Security ID:		S-1-5-18
	Account Name:		DESKTOP-51D9LC0$
	Account Domain:		WORKGROUP
	Logon ID:		0x3E7

Target Subject:
	Security ID:		S-1-0-0
	Account Name:		-
	Account Domain:		-
	Logon ID:		0x0

Process Information:
	New Process ID:		0xf24
	New Process Name:	C:\Windows\System32\consent.exe
	Token Elevation Type:	%%1936
	Mandatory Label:		S-1-16-16384
	Creator Process ID:	0x3e4
	Creator Process Name:	C:\Windows\System32\svchost.exe
	Process Command Line:	

Token Elevation Type indicates the type of token that was assigned to the new process in accordance with User Account Control policy.

Type 1 is a full token with no privileges removed or groups disabled.  A full token is only used if User Account Control is disabled or if the user is the built-in Administrator account or a service account.

Type 2 is an elevated token with no privileges removed or groups disabled.  An elevated token is used when User Account Control is enabled and the user chooses to start the program using Run as administrator.  An elevated token is also used when an application is configured to always require administrative privilege or to always require maximum privilege, and the user is a member of the Administrators group.

Type 3 is a limited token with administrative privileges removed and administrative groups disabled.  The limited token is used when User Account Control is enabled, the application does not require administrative privilege, and the user does not choose to start the program using Run as administrator."
"7/24/2026 2:59:32 AM","4688","A new process has been created.

Creator Subject:
	Security ID:		S-1-5-18
	Account Name:		DESKTOP-51D9LC0$
	Account Domain:		WORKGROUP
	Logon ID:		0x3E7

Target Subject:
	Security ID:		S-1-5-21-3781094446-1990265765-1947709855-1001
	Account Name:		Rev3vs8
	Account Domain:		DESKTOP-51D9LC0
	Logon ID:		0x3F79E

Process Information:
	New Process ID:		0x520
	New Process Name:	C:\Windows\System32\backgroundTaskHost.exe
	Token Elevation Type:	%%1938
	Mandatory Label:		S-1-16-4096
	Creator Process ID:	0x2c0
	Creator Process Name:	C:\Windows\System32\svchost.exe
	Process Command Line:	

Token Elevation Type indicates the type of token that was assigned to the new process in accordance with User Account Control policy.

Type 1 is a full token with no privileges removed or groups disabled.  A full token is only used if User Account Control is disabled or if the user is the built-in Administrator account or a service account.

Type 2 is an elevated token with no privileges removed or groups disabled.  An elevated token is used when User Account Control is enabled and the user chooses to start the program using Run as administrator.  An elevated token is also used when an application is configured to always require administrative privilege or to always require maximum privilege, and the user is a member of the Administrators group.

Type 3 is a limited token with administrative privileges removed and administrative groups disabled.  The limited token is used when User Account Control is enabled, the application does not require administrative privilege, and the user does not choose to start the program using Run as administrator."
"7/24/2026 2:59:29 AM","4688","A new process has been created.

Creator Subject:
	Security ID:		S-1-5-18
	Account Name:		DESKTOP-51D9LC0$
	Account Domain:		WORKGROUP
	Logon ID:		0x3E7

Target Subject:
	Security ID:		S-1-5-21-3781094446-1990265765-1947709855-1001
	Account Name:		Rev3vs8
	Account Domain:		DESKTOP-51D9LC0
	Logon ID:		0x3F79E

Process Information:
	New Process ID:		0x1450
	New Process Name:	C:\Windows\System32\dllhost.exe
	Token Elevation Type:	%%1938
	Mandatory Label:		S-1-16-8192
	Creator Process ID:	0x2c0
	Creator Process Name:	C:\Windows\System32\svchost.exe
	Process Command Line:	

Token Elevation Type indicates the type of token that was assigned to the new process in accordance with User Account Control policy.

Type 1 is a full token with no privileges removed or groups disabled.  A full token is only used if User Account Control is disabled or if the user is the built-in Administrator account or a service account.

Type 2 is an elevated token with no privileges removed or groups disabled.  An elevated token is used when User Account Control is enabled and the user chooses to start the program using Run as administrator.  An elevated token is also used when an application is configured to always require administrative privilege or to always require maximum privilege, and the user is a member of the Administrators group.

Type 3 is a limited token with administrative privileges removed and administrative groups disabled.  The limited token is used when User Account Control is enabled, the application does not require administrative privilege, and the user does not choose to start the program using Run as administrator."
"7/24/2026 2:59:29 AM","4688","A new process has been created.

Creator Subject:
	Security ID:		S-1-5-18
	Account Name:		DESKTOP-51D9LC0$
	Account Domain:		WORKGROUP
	Logon ID:		0x3E7

Target Subject:
	Security ID:		S-1-5-21-3781094446-1990265765-1947709855-1001
	Account Name:		Rev3vs8
	Account Domain:		DESKTOP-51D9LC0
	Logon ID:		0x3F79E

Process Information:
	New Process ID:		0xde8
	New Process Name:	C:\Windows\System32\dllhost.exe
	Token Elevation Type:	%%1938
	Mandatory Label:		S-1-16-8192
	Creator Process ID:	0x2c0
	Creator Process Name:	C:\Windows\System32\svchost.exe
	Process Command Line:	

Token Elevation Type indicates the type of token that was assigned to the new process in accordance with User Account Control policy.

Type 1 is a full token with no privileges removed or groups disabled.  A full token is only used if User Account Control is disabled or if the user is the built-in Administrator account or a service account.

Type 2 is an elevated token with no privileges removed or groups disabled.  An elevated token is used when User Account Control is enabled and the user chooses to start the program using Run as administrator.  An elevated token is also used when an application is configured to always require administrative privilege or to always require maximum privilege, and the user is a member of the Administrators group.

Type 3 is a limited token with administrative privileges removed and administrative groups disabled.  The limited token is used when User Account Control is enabled, the application does not require administrative privilege, and the user does not choose to start the program using Run as administrator."
"7/24/2026 2:59:28 AM","4688","A new process has been created.

Creator Subject:
	Security ID:		S-1-5-18
	Account Name:		DESKTOP-51D9LC0$
	Account Domain:		WORKGROUP
	Logon ID:		0x3E7

Target Subject:
	Security ID:		S-1-5-21-3781094446-1990265765-1947709855-1001
	Account Name:		Rev3vs8
	Account Domain:		DESKTOP-51D9LC0
	Logon ID:		0x3F79E

Process Information:
	New Process ID:		0x14bc
	New Process Name:	C:\Windows\SystemApps\MicrosoftWindows.Client.CBS_cw5n1h2txyewy\TextInputHost.exe
	Token Elevation Type:	%%1938
	Mandatory Label:		S-1-16-8192
	Creator Process ID:	0x2c0
	Creator Process Name:	C:\Windows\System32\svchost.exe
	Process Command Line:	

Token Elevation Type indicates the type of token that was assigned to the new process in accordance with User Account Control policy.

Type 1 is a full token with no privileges removed or groups disabled.  A full token is only used if User Account Control is disabled or if the user is the built-in Administrator account or a service account.

Type 2 is an elevated token with no privileges removed or groups disabled.  An elevated token is used when User Account Control is enabled and the user chooses to start the program using Run as administrator.  An elevated token is also used when an application is configured to always require administrative privilege or to always require maximum privilege, and the user is a member of the Administrators group.

Type 3 is a limited token with administrative privileges removed and administrative groups disabled.  The limited token is used when User Account Control is enabled, the application does not require administrative privilege, and the user does not choose to start the program using Run as administrator."
"7/24/2026 2:59:25 AM","4688","A new process has been created.

Creator Subject:
	Security ID:		S-1-5-18
	Account Name:		DESKTOP-51D9LC0$
	Account Domain:		WORKGROUP
	Logon ID:		0x3E7

Target Subject:
	Security ID:		S-1-5-21-3781094446-1990265765-1947709855-1001
	Account Name:		Rev3vs8
	Account Domain:		DESKTOP-51D9LC0
	Logon ID:		0x3F79E

Process Information:
	New Process ID:		0x8d4
	New Process Name:	C:\Windows\System32\backgroundTaskHost.exe
	Token Elevation Type:	%%1938
	Mandatory Label:		S-1-16-4096
	Creator Process ID:	0x2c0
	Creator Process Name:	C:\Windows\System32\svchost.exe
	Process Command Line:	

Token Elevation Type indicates the type of token that was assigned to the new process in accordance with User Account Control policy.

Type 1 is a full token with no privileges removed or groups disabled.  A full token is only used if User Account Control is disabled or if the user is the built-in Administrator account or a service account.

Type 2 is an elevated token with no privileges removed or groups disabled.  An elevated token is used when User Account Control is enabled and the user chooses to start the program using Run as administrator.  An elevated token is also used when an application is configured to always require administrative privilege or to always require maximum privilege, and the user is a member of the Administrators group.

Type 3 is a limited token with administrative privileges removed and administrative groups disabled.  The limited token is used when User Account Control is enabled, the application does not require administrative privilege, and the user does not choose to start the program using Run as administrator."
"7/24/2026 2:58:32 AM","4688","A new process has been created.

Creator Subject:
	Security ID:		S-1-5-18
	Account Name:		DESKTOP-51D9LC0$
	Account Domain:		WORKGROUP
	Logon ID:		0x3E7

Target Subject:
	Security ID:		S-1-0-0
	Account Name:		DESKTOP-51D9LC0$
	Account Domain:		WORKGROUP
	Logon ID:		0x3E4

Process Information:
	New Process ID:		0xba0
	New Process Name:	C:\Windows\System32\sppsvc.exe
	Token Elevation Type:	%%1936
	Mandatory Label:		S-1-16-16384
	Creator Process ID:	0x23c
	Creator Process Name:	C:\Windows\System32\services.exe
	Process Command Line:	

Token Elevation Type indicates the type of token that was assigned to the new process in accordance with User Account Control policy.

Type 1 is a full token with no privileges removed or groups disabled.  A full token is only used if User Account Control is disabled or if the user is the built-in Administrator account or a service account.

Type 2 is an elevated token with no privileges removed or groups disabled.  An elevated token is used when User Account Control is enabled and the user chooses to start the program using Run as administrator.  An elevated token is also used when an application is configured to always require administrative privilege or to always require maximum privilege, and the user is a member of the Administrators group.

Type 3 is a limited token with administrative privileges removed and administrative groups disabled.  The limited token is used when User Account Control is enabled, the application does not require administrative privilege, and the user does not choose to start the program using Run as administrator."
"7/24/2026 2:58:32 AM","4688","A new process has been created.

Creator Subject:
	Security ID:		S-1-5-18
	Account Name:		DESKTOP-51D9LC0$
	Account Domain:		WORKGROUP
	Logon ID:		0x3E7

Target Subject:
	Security ID:		S-1-5-21-3781094446-1990265765-1947709855-1001
	Account Name:		Rev3vs8
	Account Domain:		DESKTOP-51D9LC0
	Logon ID:		0x3F79E

Process Information:
	New Process ID:		0x1534
	New Process Name:	C:\Windows\System32\RuntimeBroker.exe
	Token Elevation Type:	%%1938
	Mandatory Label:		S-1-16-8192
	Creator Process ID:	0x2c0
	Creator Process Name:	C:\Windows\System32\svchost.exe
	Process Command Line:	

Token Elevation Type indicates the type of token that was assigned to the new process in accordance with User Account Control policy.

Type 1 is a full token with no privileges removed or groups disabled.  A full token is only used if User Account Control is disabled or if the user is the built-in Administrator account or a service account.

Type 2 is an elevated token with no privileges removed or groups disabled.  An elevated token is used when User Account Control is enabled and the user chooses to start the program using Run as administrator.  An elevated token is also used when an application is configured to always require administrative privilege or to always require maximum privilege, and the user is a member of the Administrators group.

Type 3 is a limited token with administrative privileges removed and administrative groups disabled.  The limited token is used when User Account Control is enabled, the application does not require administrative privilege, and the user does not choose to start the program using Run as administrator."
"7/24/2026 2:58:32 AM","4688","A new process has been created.

Creator Subject:
	Security ID:		S-1-5-18
	Account Name:		DESKTOP-51D9LC0$
	Account Domain:		WORKGROUP
	Logon ID:		0x3E7

Target Subject:
	Security ID:		S-1-5-21-3781094446-1990265765-1947709855-1001
	Account Name:		Rev3vs8
	Account Domain:		DESKTOP-51D9LC0
	Logon ID:		0x3F79E

Process Information:
	New Process ID:		0x3fc
	New Process Name:	C:\Windows\System32\backgroundTaskHost.exe
	Token Elevation Type:	%%1938
	Mandatory Label:		S-1-16-4096
	Creator Process ID:	0x2c0
	Creator Process Name:	C:\Windows\System32\svchost.exe
	Process Command Line:	

Token Elevation Type indicates the type of token that was assigned to the new process in accordance with User Account Control policy.

Type 1 is a full token with no privileges removed or groups disabled.  A full token is only used if User Account Control is disabled or if the user is the built-in Administrator account or a service account.

Type 2 is an elevated token with no privileges removed or groups disabled.  An elevated token is used when User Account Control is enabled and the user chooses to start the program using Run as administrator.  An elevated token is also used when an application is configured to always require administrative privilege or to always require maximum privilege, and the user is a member of the Administrators group.

Type 3 is a limited token with administrative privileges removed and administrative groups disabled.  The limited token is used when User Account Control is enabled, the application does not require administrative privilege, and the user does not choose to start the program using Run as administrator."
"7/24/2026 2:58:31 AM","4688","A new process has been created.

Creator Subject:
	Security ID:		S-1-5-18
	Account Name:		DESKTOP-51D9LC0$
	Account Domain:		WORKGROUP
	Logon ID:		0x3E7

Target Subject:
	Security ID:		S-1-0-0
	Account Name:		-
	Account Domain:		-
	Logon ID:		0x0

Process Information:
	New Process ID:		0x1630
	New Process Name:	C:\Windows\System32\taskhostw.exe
	Token Elevation Type:	%%1936
	Mandatory Label:		S-1-16-16384
	Creator Process ID:	0x3e4
	Creator Process Name:	C:\Windows\System32\svchost.exe
	Process Command Line:	

Token Elevation Type indicates the type of token that was assigned to the new process in accordance with User Account Control policy.

Type 1 is a full token with no privileges removed or groups disabled.  A full token is only used if User Account Control is disabled or if the user is the built-in Administrator account or a service account.

Type 2 is an elevated token with no privileges removed or groups disabled.  An elevated token is used when User Account Control is enabled and the user chooses to start the program using Run as administrator.  An elevated token is also used when an application is configured to always require administrative privilege or to always require maximum privilege, and the user is a member of the Administrators group.

Type 3 is a limited token with administrative privileges removed and administrative groups disabled.  The limited token is used when User Account Control is enabled, the application does not require administrative privilege, and the user does not choose to start the program using Run as administrator."
"7/24/2026 2:56:34 AM","4688","A new process has been created.

Creator Subject:
	Security ID:		S-1-5-18
	Account Name:		DESKTOP-51D9LC0$
	Account Domain:		WORKGROUP
	Logon ID:		0x3E7

Target Subject:
	Security ID:		S-1-0-0
	Account Name:		-
	Account Domain:		-
	Logon ID:		0x0

Process Information:
	New Process ID:		0xeac
	New Process Name:	C:\Windows\System32\svchost.exe
	Token Elevation Type:	%%1936
	Mandatory Label:		S-1-16-16384
	Creator Process ID:	0x23c
	Creator Process Name:	C:\Windows\System32\services.exe
	Process Command Line:	

Token Elevation Type indicates the type of token that was assigned to the new process in accordance with User Account Control policy.

Type 1 is a full token with no privileges removed or groups disabled.  A full token is only used if User Account Control is disabled or if the user is the built-in Administrator account or a service account.

Type 2 is an elevated token with no privileges removed or groups disabled.  An elevated token is used when User Account Control is enabled and the user chooses to start the program using Run as administrator.  An elevated token is also used when an application is configured to always require administrative privilege or to always require maximum privilege, and the user is a member of the Administrators group.

Type 3 is a limited token with administrative privileges removed and administrative groups disabled.  The limited token is used when User Account Control is enabled, the application does not require administrative privilege, and the user does not choose to start the program using Run as administrator."
"7/24/2026 2:56:33 AM","4688","A new process has been created.

Creator Subject:
	Security ID:		S-1-5-18
	Account Name:		DESKTOP-51D9LC0$
	Account Domain:		WORKGROUP
	Logon ID:		0x3E7

Target Subject:
	Security ID:		S-1-0-0
	Account Name:		-
	Account Domain:		-
	Logon ID:		0x0

Process Information:
	New Process ID:		0x390
	New Process Name:	C:\Windows\System32\MoUsoCoreWorker.exe
	Token Elevation Type:	%%1936
	Mandatory Label:		S-1-16-16384
	Creator Process ID:	0x2c0
	Creator Process Name:	C:\Windows\System32\svchost.exe
	Process Command Line:	

Token Elevation Type indicates the type of token that was assigned to the new process in accordance with User Account Control policy.

Type 1 is a full token with no privileges removed or groups disabled.  A full token is only used if User Account Control is disabled or if the user is the built-in Administrator account or a service account.

Type 2 is an elevated token with no privileges removed or groups disabled.  An elevated token is used when User Account Control is enabled and the user chooses to start the program using Run as administrator.  An elevated token is also used when an application is configured to always require administrative privilege or to always require maximum privilege, and the user is a member of the Administrators group.

Type 3 is a limited token with administrative privileges removed and administrative groups disabled.  The limited token is used when User Account Control is enabled, the application does not require administrative privilege, and the user does not choose to start the program using Run as administrator."
"7/24/2026 2:55:38 AM","4688","A new process has been created.

Creator Subject:
	Security ID:		S-1-5-19
	Account Name:		LOCAL SERVICE
	Account Domain:		NT AUTHORITY
	Logon ID:		0x3E5

Target Subject:
	Security ID:		S-1-0-0
	Account Name:		-
	Account Domain:		-
	Logon ID:		0x0

Process Information:
	New Process ID:		0xe7c
	New Process Name:	C:\Windows\System32\audiodg.exe
	Token Elevation Type:	%%1936
	Mandatory Label:		S-1-16-16384
	Creator Process ID:	0x5f4
	Creator Process Name:	C:\Windows\System32\svchost.exe
	Process Command Line:	

Token Elevation Type indicates the type of token that was assigned to the new process in accordance with User Account Control policy.

Type 1 is a full token with no privileges removed or groups disabled.  A full token is only used if User Account Control is disabled or if the user is the built-in Administrator account or a service account.

Type 2 is an elevated token with no privileges removed or groups disabled.  An elevated token is used when User Account Control is enabled and the user chooses to start the program using Run as administrator.  An elevated token is also used when an application is configured to always require administrative privilege or to always require maximum privilege, and the user is a member of the Administrators group.

Type 3 is a limited token with administrative privileges removed and administrative groups disabled.  The limited token is used when User Account Control is enabled, the application does not require administrative privilege, and the user does not choose to start the program using Run as administrator."
"7/24/2026 2:55:38 AM","4688","A new process has been created.

Creator Subject:
	Security ID:		S-1-5-18
	Account Name:		DESKTOP-51D9LC0$
	Account Domain:		WORKGROUP
	Logon ID:		0x3E7

Target Subject:
	Security ID:		S-1-5-21-3781094446-1990265765-1947709855-1001
	Account Name:		Rev3vs8
	Account Domain:		DESKTOP-51D9LC0
	Logon ID:		0x3F79E

Process Information:
	New Process ID:		0x604
	New Process Name:	C:\Windows\System32\RuntimeBroker.exe
	Token Elevation Type:	%%1938
	Mandatory Label:		S-1-16-8192
	Creator Process ID:	0x2c0
	Creator Process Name:	C:\Windows\System32\svchost.exe
	Process Command Line:	

Token Elevation Type indicates the type of token that was assigned to the new process in accordance with User Account Control policy.

Type 1 is a full token with no privileges removed or groups disabled.  A full token is only used if User Account Control is disabled or if the user is the built-in Administrator account or a service account.

Type 2 is an elevated token with no privileges removed or groups disabled.  An elevated token is used when User Account Control is enabled and the user chooses to start the program using Run as administrator.  An elevated token is also used when an application is configured to always require administrative privilege or to always require maximum privilege, and the user is a member of the Administrators group.

Type 3 is a limited token with administrative privileges removed and administrative groups disabled.  The limited token is used when User Account Control is enabled, the application does not require administrative privilege, and the user does not choose to start the program using Run as administrator."
"7/24/2026 2:55:37 AM","4688","A new process has been created.

Creator Subject:
	Security ID:		S-1-5-18
	Account Name:		DESKTOP-51D9LC0$
	Account Domain:		WORKGROUP
	Logon ID:		0x3E7

Target Subject:
	Security ID:		S-1-5-21-3781094446-1990265765-1947709855-1001
	Account Name:		Rev3vs8
	Account Domain:		DESKTOP-51D9LC0
	Logon ID:		0x3F79E

Process Information:
	New Process ID:		0x5c0
	New Process Name:	C:\Windows\SystemApps\ShellExperienceHost_cw5n1h2txyewy\ShellExperienceHost.exe
	Token Elevation Type:	%%1938
	Mandatory Label:		S-1-16-4096
	Creator Process ID:	0x2c0
	Creator Process Name:	C:\Windows\System32\svchost.exe
	Process Command Line:	

Token Elevation Type indicates the type of token that was assigned to the new process in accordance with User Account Control policy.

Type 1 is a full token with no privileges removed or groups disabled.  A full token is only used if User Account Control is disabled or if the user is the built-in Administrator account or a service account.

Type 2 is an elevated token with no privileges removed or groups disabled.  An elevated token is used when User Account Control is enabled and the user chooses to start the program using Run as administrator.  An elevated token is also used when an application is configured to always require administrative privilege or to always require maximum privilege, and the user is a member of the Administrators group.

Type 3 is a limited token with administrative privileges removed and administrative groups disabled.  The limited token is used when User Account Control is enabled, the application does not require administrative privilege, and the user does not choose to start the program using Run as administrator."
"7/24/2026 2:55:37 AM","4688","A new process has been created.

Creator Subject:
	Security ID:		S-1-5-18
	Account Name:		DESKTOP-51D9LC0$
	Account Domain:		WORKGROUP
	Logon ID:		0x3E7

Target Subject:
	Security ID:		S-1-5-21-3781094446-1990265765-1947709855-1001
	Account Name:		Rev3vs8
